0000000000000000 b _TLS_MODULE_BASE_
0000000000000000 a __start__
0000000000000000 T _start
0000000000000000 0000000000000004 b fsdev_last_result
0000000000000004 0000000000000004 b g_fsPriority
0000000000000008 0000000000000401 B __nx_dev_path_buf
00000000000000e0 T __nx_exit
00000000000000f0 T __nx_mod0
0000000000000130 0000000000000034 T exit
0000000000000170 0000000000000074 T main
00000000000001f0 t __do_global_dtors_aux
0000000000000240 t frame_dummy
0000000000000270 00000000000000a0 T consoleSelectScreen
0000000000000310 0000000000000084 T categorySelectScreen
00000000000003a0 0000000000000024 t _appletInfiniteSleepLoop
00000000000003d0 0000000000000108 t _appletCmdGetSession
00000000000004e0 00000000000000cc t _appletCmdInU8NoOut
00000000000005b0 0000000000000104 t _appletGetLaunchReason
00000000000006c0 00000000000000e4 t _appletSetFocusHandlingMode
00000000000007b0 00000000000000cc t _appletCmdInU32NoOut
0000000000000880 0000000000000138 t _appletGetSessionProxy.constprop.0
00000000000009c0 0000000000000154 t _appletOpenLibraryAppletProxy.constprop.0
0000000000000b20 00000000000000d0 t _appletCmdGetHandle.constprop.0.isra.0
0000000000000bf0 00000000000000d4 t _appletCmdNoInOutU8.isra.0
0000000000000cd0 00000000000000d4 t _appletCmdNoInOutU32.isra.0
0000000000000db0 00000000000000d4 t _appletCmdNoInOutU64.isra.0
0000000000000e90 00000000000000c0 t _appletCmdNoIO.isra.0
0000000000000f50 0000000000000010 T appletGetAppletType
0000000000000f60 0000000000000114 T appletSetFocusHandlingMode
0000000000001080 000000000000005c T appletSetCpuBoostMode
00000000000010e0 000000000000002c T appletCreateManagedDisplayLayer
0000000000001110 000000000000000c T appletGetAppletResourceUserId
0000000000001120 00000000000000f4 t _appletGetIndirectLayerConsumerHandle
0000000000001220 0000000000000088 t _appletHolderCreateState
00000000000012b0 00000000000000ac T appletHolderClose
0000000000001360 0000000000000024 T appletHolderGetLibraryAppletInfo
0000000000001390 0000000000000090 T appletNotifyRunning
0000000000001420 000000000000008c T appletSetGamePlayRecordingState
00000000000014b0 0000000000000ad4 t _appletCleanup
0000000000001f90 0000000000000044 T appletExit
0000000000001fe0 0000000000000040 T appletGetLibraryAppletInfo
0000000000002020 0000000000000a94 T appletInitialize
0000000000002ac0 0000000000000024 t _appletExitProcess
0000000000002af0 0000000000000074 T appletGetMessage
0000000000002b70 000000000000028c T appletProcessMessage
0000000000002e00 0000000000000034 T appletMainLoop
0000000000002e40 0000000000000014 T hosversionGet
0000000000002e60 0000000000000010 T hosversionSet
0000000000002e70 0000000000000208 T envSetup
0000000000003080 0000000000000020 T envGetMainThreadHandle
00000000000030a0 000000000000000c T envIsNso
00000000000030b0 0000000000000014 T envHasHeapOverride
00000000000030d0 000000000000000c T envGetHeapOverrideAddr
00000000000030e0 000000000000000c T envGetHeapOverrideSize
00000000000030f0 0000000000000014 T envHasArgv
0000000000003110 000000000000000c T envGetArgv
0000000000003120 000000000000000c T envGetExitFuncPtr
0000000000003130 000000000000000c T envSetExitFuncPtr
0000000000003140 000000000000000c T envHasRandomSeed
0000000000003150 0000000000000010 T envGetRandomSeed
0000000000003160 000000000000005c t _padUpdateWithCommonState
00000000000031c0 000000000000009c T padConfigureInput
0000000000003260 0000000000000024 T padInitializeWithMask
0000000000003290 0000000000000240 T padUpdate
00000000000034d0 000000000000001c W diagAbortWithResult
00000000000034f0 0000000000000048 t consoleDrawChar
0000000000003540 000000000000020c t parseColor
0000000000003750 00000000000000b0 t consoleNewRow
0000000000003800 0000000000000c98 t con_write
00000000000044a0 0000000000000154 T consoleInit
0000000000004600 0000000000000048 T consoleExit
0000000000004650 000000000000002c T consoleUpdate
0000000000004680 00000000000001c8 t ConsoleSwRenderer_drawChar
0000000000004850 00000000000000f8 t ConsoleSwRenderer_init
0000000000004950 0000000000000070 t ConsoleSwRenderer_flushAndSwap
00000000000049c0 00000000000000d0 t ConsoleSwRenderer_scrollWindow
0000000000004a90 000000000000004c t ConsoleSwRenderer_deinit
0000000000004ae0 000000000000000c W getDefaultConsoleRenderer
0000000000004aec T svcSetHeapSize
0000000000004b00 T svcSetMemoryPermission
0000000000004b08 T svcSetMemoryAttribute
0000000000004b10 T svcUnmapMemory
0000000000004b18 T svcQueryMemory
0000000000004b2c T svcExitProcess
0000000000004b34 T svcSleepThread
0000000000004b3c T svcMapSharedMemory
0000000000004b44 T svcUnmapSharedMemory
0000000000004b4c T svcCreateTransferMemory
0000000000004b60 T svcCloseHandle
0000000000004b68 T svcResetSignal
0000000000004b70 T svcWaitSynchronization
0000000000004b84 T svcArbitrateLock
0000000000004b8c T svcArbitrateUnlock
0000000000004b94 T svcWaitProcessWideKeyAtomic
0000000000004b9c T svcSignalProcessWideKey
0000000000004ba4 T svcConnectToNamedPort
0000000000004bb8 T svcSendSyncRequest
0000000000004bc0 T svcBreak
0000000000004bc8 T svcReturnFromException
0000000000004bd0 T svcGetInfo
0000000000004be4 T svcUnmapTransferMemory
0000000000004bf0 0000000000000524 T waitObjects
0000000000005120 00000000000000a8 T tmemCreate
00000000000051d0 0000000000000034 T tmemUnmap
0000000000005210 0000000000000038 T tmemCloseHandle
0000000000005250 00000000000000f0 T tmemWaitForPermission
0000000000005340 0000000000000054 T tmemClose
00000000000053a0 0000000000000080 T mutexLock
0000000000005420 0000000000000068 T mutexUnlock
0000000000005490 000000000000001c T mutexIsLockedByCurrentThread
00000000000054b0 000000000000004c T rmutexLock
0000000000005500 000000000000001c T rmutexUnlock
0000000000005520 0000000000000064 t _memregionInitWithInfo
0000000000005590 0000000000000004 W __libnx_virtmem_rng
00000000000055a0 000000000000016c t _memregionFindRandom
0000000000005710 0000000000000120 T virtmemSetup
0000000000005830 000000000000000c T virtmemLock
0000000000005840 000000000000000c T virtmemUnlock
0000000000005850 0000000000000050 T virtmemFindAslr
00000000000058a0 000000000000000c T eventLoadRemote
00000000000058b0 0000000000000038 T eventWait
00000000000058f0 0000000000000050 T eventClose
0000000000005940 00000000000003d4 T randomGet
0000000000005d20 0000000000000020 T randomGet64
0000000000005d40 00000000000000c0 t _apmCleanup
0000000000005e00 00000000000000fc t _apmCmdGetSession.constprop.0
0000000000005f00 00000000000000a0 T apmInitialize
0000000000005fa0 0000000000000044 T apmExit
0000000000005ff0 00000000000000c8 T apmSetPerformanceConfiguration
00000000000060c0 00000000000000d0 t _smCmifCmdInPid
0000000000006190 0000000000000068 t _smCleanup
0000000000006200 0000000000000048 T smAddOverrideHandle
0000000000006250 0000000000000054 T smGetServiceOverride
00000000000062b0 00000000000001c0 T smInitialize
0000000000006470 0000000000000044 T smExit
00000000000064c0 00000000000000d0 T smGetServiceOriginal
0000000000006590 0000000000000120 T smGetServiceWrapper
00000000000066b0 0000000000000108 t _hidCleanup
00000000000067c0 00000000000000d8 t _hidCmdInAruidNoOut
00000000000068a0 00000000000000e4 t _hidCmdInU32AruidNoOut
0000000000006990 00000000000001a8 t _hidGetStates
0000000000006b40 0000000000000114 t _hidCreateAppletResource.constprop.0
0000000000006c60 00000000000000c8 t _hidCmdGetHandle.constprop.0
0000000000006d30 00000000000000dc T hidInitialize
0000000000006e10 0000000000000044 T hidExit
0000000000006e60 000000000000000c T hidGetSharedmemAddr
0000000000006e70 0000000000000094 T hidGetNpadStyleSet
0000000000006f10 000000000000006c T hidInitializeNpad
0000000000006f80 00000000000000ac T hidGetNpadStatesFullKey
0000000000007030 00000000000000ac T hidGetNpadStatesHandheld
00000000000070e0 00000000000000ac T hidGetNpadStatesJoyDual
0000000000007190 00000000000000ac T hidGetNpadStatesJoyLeft
0000000000007240 00000000000000ac T hidGetNpadStatesJoyRight
00000000000072f0 0000000000000164 T hidGetNpadStatesGc
0000000000007460 00000000000000b0 T hidGetNpadStatesSystemExt
0000000000007510 0000000000000008 T hidSetSupportedNpadStyleSet
0000000000007520 0000000000000100 T hidSetSupportedNpadIdType
0000000000007620 000000000000008c T framebufferMakeLinear
00000000000076b0 0000000000000080 T framebufferClose
0000000000007730 00000000000002b0 T framebufferCreate
00000000000079e0 0000000000000088 T framebufferBegin
0000000000007a70 000000000000018c T framebufferEnd
0000000000007c00 000000000000000c T nwindowGetDefault
0000000000007c10 00000000000000b0 T __nx_win_init
0000000000007cc0 0000000000000034 T __nx_win_exit
0000000000007d00 0000000000000024 T nwindowIsValid
0000000000007d30 000000000000007c T nwindowClose
0000000000007db0 00000000000000f4 T nwindowCreate
0000000000007eb0 0000000000000034 T nwindowCreateFromLayer
0000000000007ef0 0000000000000084 T nwindowSetDimensions
0000000000007f80 000000000000018c T nwindowConfigureBuffer
0000000000008110 00000000000001e0 T nwindowDequeueBuffer
00000000000082f0 000000000000013c T nwindowQueueBuffer
0000000000008430 0000000000000094 T nwindowReleaseBuffers
00000000000084d0 0000000000000154 T __nx_dynamic
0000000000008630 00000000000000d4 W __libnx_initheap
0000000000008710 00000000000000ec W __appInit
0000000000008800 0000000000000044 W __appExit
0000000000008850 000000000000002c W __libnx_init
0000000000008880 0000000000000020 W __libnx_exit
00000000000088a0 0000000000000004 W __libnx_alloc
00000000000088b0 0000000000000014 W __libnx_aligned_alloc
00000000000088d0 0000000000000004 W __libnx_free
00000000000088e0 000000000000001c T __syscall_exit
0000000000008900 0000000000000034 T __syscall_getreent
0000000000008940 0000000000000004 T __syscall_lock_acquire
0000000000008950 0000000000000004 T __syscall_lock_release
0000000000008960 0000000000000004 T __syscall_lock_acquire_recursive
0000000000008970 0000000000000004 T __syscall_lock_release_recursive
0000000000008980 0000000000000238 T __libnx_init_time
0000000000008bc0 000000000000009c T newlibSetup
0000000000008c60 00000000000002f8 W argvSetup
0000000000008f60 0000000000000014 t fsdev_link
0000000000008f80 0000000000000014 t fsdev_dirreset
0000000000008fa0 0000000000000014 t fsdev_chmod
0000000000008fc0 0000000000000018 t error_cmp
0000000000008fe0 0000000000000020 t fsdev_dirclose
0000000000009000 000000000000001c t fsdev_close
0000000000009020 0000000000000080 t fsdev_converttimetoutc
00000000000090a0 00000000000000e0 t fsdevFindDevice.part.0
0000000000009180 00000000000001c0 t fsdev_fixpath
0000000000009340 00000000000000a0 t _fsdevUnmountDeviceStruct.part.0
00000000000093e0 0000000000000014 t fsdev_fchmod
0000000000009400 0000000000000108 t fsdev_diropen
0000000000009510 00000000000000fc t fsdev_statvfs
0000000000009610 000000000000007c t fsdev_fsync
0000000000009690 00000000000000f4 t fsdev_fstat
0000000000009790 0000000000000094 t fsdev_ftruncate
0000000000009830 00000000000001fc t fsdev_stat
0000000000009a30 000000000000014c t fsdev_rename
0000000000009b80 0000000000000140 t fsdev_chdir
0000000000009cc0 00000000000000a4 t fsdev_mkdir
0000000000009d70 00000000000000a4 t fsdev_unlink
0000000000009e20 00000000000000a4 t fsdev_rmdir
0000000000009ed0 0000000000000144 t fsdev_write_safe
000000000000a020 000000000000013c t fsdev_read_safe
000000000000a160 0000000000000100 t fsdev_read
000000000000a260 00000000000001b8 t fsdev_dirnext
000000000000a420 0000000000000124 t fsdev_write
000000000000a550 00000000000000ec t fsdev_seek
000000000000a640 0000000000000244 t fsdev_open
000000000000a890 0000000000000224 T fsdevMountDevice
000000000000aac0 0000000000000040 T fsdevMountSdmc
000000000000ab00 00000000000000c0 T __libnx_init_cwd
000000000000abc0 0000000000000064 T fsdevUnmountAll
000000000000ac30 000000000000012c T decode_utf8
000000000000ad5c T armDCacheFlush
000000000000ad8c t armDCacheFlush_L0
000000000000ada8 W __libnx_exception_entry
000000000000ae34 t __libnx_exception_entry_start
000000000000af5c t __libnx_exception_entry_abort
000000000000af60 t __libnx_exception_entry_end
000000000000af68 T __libnx_exception_returnentry
000000000000af80 T __aarch64_read_tp
000000000000af90 0000000000000014 T shmemLoadRemote
000000000000afb0 0000000000000088 T shmemMap
000000000000b040 0000000000000034 T shmemUnmap
000000000000b080 0000000000000044 T shmemClose
000000000000b0d0 0000000000000064 T condvarWaitTimeout
000000000000b140 00000000000000b0 T __libnx_init_thread
000000000000b1f0 00000000000001dc t _viCleanup
000000000000b3d0 0000000000000100 t _viCmdGetSessionNoParams.constprop.0
000000000000b4d0 00000000000000fc t _viCmdGetSession.constprop.0
000000000000b5d0 000000000000028c T viInitialize
000000000000b860 0000000000000044 T viExit
000000000000b8b0 000000000000000c T viGetSession_IHOSBinderDriverRelay
000000000000b8c0 0000000000000110 T viOpenDisplay
000000000000b9d0 00000000000000f4 T viCloseDisplay
000000000000bad0 00000000000000fc T viCloseLayer
000000000000bbd0 0000000000000378 T viCreateLayer
000000000000bf50 00000000000000d8 T viSetLayerScalingMode
000000000000c030 00000000000000d4 t _setsysGetFirmwareVersionImpl
000000000000c110 0000000000000068 t _setsysCleanup
000000000000c180 00000000000000a0 T setsysInitialize
000000000000c220 0000000000000044 T setsysExit
000000000000c270 0000000000000044 T setsysGetFirmwareVersion
000000000000c2c0 00000000000000b4 t _fsCleanup
000000000000c380 00000000000001a8 t _fsCmdNoIO
000000000000c530 00000000000001d8 t _fsFsCmdWithInPath
000000000000c710 00000000000001f4 t _fsFsCmdWithTwoInPaths
000000000000c910 000000000000025c t _fsFsOpenCommon
000000000000cb70 00000000000001ec t _fsFsCmdWithInPathAndOutU64
000000000000cd60 00000000000000f4 t _fsObjectClose
000000000000ce60 00000000000001f4 t _fsCmdGetSession.constprop.0
000000000000d060 00000000000002f8 T fsInitialize
000000000000d360 0000000000000044 T fsExit
000000000000d3b0 0000000000000008 T fsOpenSdCardFileSystem
000000000000d3c0 00000000000001f0 T fsFsCreateFile
000000000000d5b0 0000000000000008 T fsFsDeleteFile
000000000000d5c0 0000000000000008 T fsFsCreateDirectory
000000000000d5d0 0000000000000008 T fsFsDeleteDirectory
000000000000d5e0 0000000000000008 T fsFsRenameFile
000000000000d5f0 0000000000000008 T fsFsRenameDirectory
000000000000d600 00000000000001f0 T fsFsGetEntryType
000000000000d7f0 0000000000000008 T fsFsOpenFile
000000000000d800 0000000000000008 T fsFsOpenDirectory
000000000000d810 0000000000000008 T fsFsGetFreeSpace
000000000000d820 0000000000000008 T fsFsGetTotalSpace
000000000000d830 0000000000000230 T fsFsGetFileTimeStampRaw
000000000000da60 0000000000000004 T fsFsClose
000000000000da70 0000000000000218 T fsFileRead
000000000000dc90 0000000000000200 T fsFileWrite
000000000000de90 0000000000000008 T fsFileFlush
000000000000dea0 00000000000001b8 T fsFileSetSize
000000000000dea0 00000000000001b8 t fsFileSetSize.localalias
000000000000e060 00000000000001c4 T fsFileGetSize
000000000000e060 00000000000001c4 t fsFileGetSize.localalias
000000000000e230 0000000000000004 T fsFileClose
000000000000e240 0000000000000004 T fsDirClose
000000000000e250 00000000000001fc T fsDirRead
000000000000e450 00000000000000d0 t _nvSetClientPID
000000000000e520 00000000000000c8 t _nvCleanup
000000000000e5f0 00000000000000d8 t _nvCmdInitialize.constprop.0
000000000000e6d0 000000000000001c W __nx_nv_create_tmem
000000000000e6f0 0000000000000258 T nvInitialize
000000000000e950 0000000000000044 T nvExit
000000000000e9a0 00000000000000f4 T nvConvertError
000000000000eaa0 0000000000000118 T nvOpen
000000000000ebc0 00000000000002fc T nvIoctl
000000000000eec0 00000000000000d8 T nvClose
000000000000efa0 0000000000000108 T nvQueryEvent
000000000000f0b0 0000000000000228 t _timeCleanup
000000000000f2e0 0000000000000100 t _timeCmdGetSession.constprop.0
000000000000f3e0 00000000000000cc t _timeGetSharedMemoryNativeHandle.constprop.0
000000000000f4b0 00000000000000c4 t _timeCmdNoInOutU64.constprop.0.isra.0
000000000000f580 0000000000000110 t _timeReadClockFromSharedMem
000000000000f690 0000000000000238 T timeInitialize
000000000000f8d0 0000000000000044 T timeExit
000000000000f920 0000000000000038 T timeGetServiceSession_SystemClock
000000000000f960 0000000000000068 T timeGetCurrentTime
000000000000f9d0 0000000000000110 T timeToCalendarTimeWithMyRule
000000000000fae0 0000000000000104 T timeToPosixTimeWithMyRule
000000000000fbf0 000000000000007c t _nvFenceCleanup
000000000000fc70 0000000000000098 T nvFenceInit
000000000000fd10 0000000000000044 T nvFenceExit
000000000000fd60 0000000000000240 T nvFenceWait
000000000000ffa0 0000000000000074 T nvMultiFenceWait
0000000000010020 00000000000000b4 T nvMapInit
00000000000100e0 000000000000006c T nvMapExit
0000000000010150 0000000000000080 T nvMapClose
00000000000101d0 0000000000000154 T nvMapCreate
0000000000010330 0000000000000028 T nvioctlNvhostCtrl_EventSignal
0000000000010360 0000000000000044 T nvioctlNvhostCtrl_EventWait
00000000000103b0 0000000000000030 T nvioctlNvhostCtrl_EventWaitAsync
00000000000103e0 0000000000000028 T nvioctlNvhostCtrl_EventRegister
0000000000010410 0000000000000028 T nvioctlNvhostCtrl_EventUnregister
0000000000010440 0000000000000040 T nvioctlNvmap_Create
0000000000010480 0000000000000038 T nvioctlNvmap_Alloc
00000000000104c0 0000000000000034 T nvioctlNvmap_Free
0000000000010500 0000000000000040 T nvioctlNvmap_GetId
0000000000010540 00000000000000d8 T bqRequestBuffer
0000000000010620 0000000000000160 T bqDequeueBuffer
0000000000010780 00000000000000dc T bqQueueBuffer
0000000000010860 0000000000000094 T bqCancelBuffer
0000000000010900 00000000000000e4 T bqConnect
00000000000109f0 000000000000009c T bqDisconnect
0000000000010a90 000000000000017c T bqSetPreallocatedBuffer
0000000000010c10 000000000000001c T binderCreate
0000000000010c30 00000000000003d0 T binderTransactParcel
0000000000011000 00000000000000e8 T binderConvertErrorCode
00000000000110f0 0000000000000124 T binderAdjustRefcount
0000000000011220 0000000000000098 T binderInitSession
00000000000112c0 0000000000000068 T binderClose
0000000000011330 0000000000000158 T binderGetNativeHandle
0000000000011490 0000000000000030 T parcelCreate
00000000000114c0 000000000000019c T parcelTransact
0000000000011660 0000000000000088 T parcelWriteData
00000000000116f0 0000000000000098 T parcelReadData
0000000000011790 0000000000000020 T parcelWriteInt32
00000000000117b0 0000000000000020 T parcelWriteUInt32
00000000000117d0 000000000000007c T parcelWriteString16
0000000000011850 0000000000000030 T parcelWriteInterfaceToken
0000000000011880 0000000000000024 T parcelReadInt32
00000000000118b0 0000000000000068 T parcelReadFlattenedObject
0000000000011920 000000000000004c T parcelWriteFlattenedObject
0000000000011970 00000000000000c4 T nxlinkSetup
0000000000011a40 0000000000000178 T sessionmgrCreate
0000000000011bc0 0000000000000084 T sessionmgrClose
0000000000011c50 00000000000000b4 T sessionmgrAttachClient
0000000000011d10 0000000000000070 T sessionmgrDetachClient
0000000000011d80 0000000000000084 T printf
0000000000011e10 000000000000003c T setenv
0000000000011e50 00000000000000d0 T _puts_r
0000000000011f20 0000000000000024 T puts
0000000000011f50 00000000000000b8 T bsearch
0000000000012010 0000000000000254 T _setenv_r
0000000000012270 00000000000000bc T sscanf
0000000000012330 0000000000000050 T __sread
0000000000012380 0000000000000008 T __seofread
0000000000012390 000000000000006c T __swrite
0000000000012400 0000000000000050 T __sseek
0000000000012450 0000000000000008 T __sclose
0000000000012460 000000000000000c T __env_lock
0000000000012470 000000000000000c T __env_unlock
0000000000012480 000000000000002c T aligned_alloc
00000000000124b0 0000000000000250 T setvbuf
0000000000012700 0000000000000004 W __call_exitprocs
0000000000012710 0000000000000124 T _malloc_trim_r
0000000000012840 00000000000002d8 T _free_r
0000000000012b20 0000000000000024 T malloc
0000000000012b50 0000000000000024 T free
0000000000012b74 0000000000000074 t get_arg
0000000000012be8 0000000000002fdc T __ssvfscanf_r
0000000000015bd0 000000000000080c T _malloc_r
00000000000163e0 00000000000000fc T _findenv_r
00000000000164e0 000000000000000c T __malloc_lock
00000000000164f0 000000000000000c T __malloc_unlock
00000000000164fc 0000000000000804 t get_arg
0000000000016d00 0000000000003c28 T _vfprintf_r
000000000001a928 00000000000000d0 t __sbprintf
000000000001aa00 0000000000000200 T __sflush_r
000000000001ac00 00000000000000b8 T _fflush_r
000000000001acc0 000000000000002c T gmtime
000000000001acf0 0000000000000078 T strncat
000000000001ad70 00000000000004cc T __sfvwrite_r
000000000001b240 00000000000002a0 T gmtime_r
000000000001b4e0 00000000000000a0 T _fwalk_sglue
000000000001b580 0000000000000524 T _realloc_r
000000000001bab0 0000000000000090 T strncpy
000000000001bb40 000000000000001c t stdio_exit_handler
000000000001bb60 000000000000006c t cleanup_stdio
000000000001bbd0 0000000000000140 t global_stdio_init.part.0
000000000001bd10 000000000000000c T __sfp_lock_acquire
000000000001bd20 000000000000000c T __sfp_lock_release
000000000001bd30 0000000000000054 T __sinit
000000000001bd90 0000000000000054 t sulp
000000000001bdf0 0000000000001184 T _strtod_l
000000000001cf80 0000000000000050 T _strtod_r
000000000001cfd0 000000000000018c t _strtol_l.part.0
000000000001d160 0000000000000070 T _strtol_r
000000000001d1d0 000000000000002c T realloc
000000000001d1fc 00000000000000d8 T memchr
000000000001d2e0 00000000000001a8 t _strtoul_l.isra.0
000000000001d490 0000000000000044 T _strtoul_r
000000000001d4e0 0000000000000048 T strtoul
000000000001d540 00000000000001dc T memset
000000000001d720 000000000000002c T __locale_mb_cur_max
000000000001d750 0000000000000008 T __localeconv_l
000000000001d760 0000000000000028 T _localeconv_r
000000000001d7c0 000000000000016c T memcpy
000000000001d940 00000000000000e4 T strcmp
000000000001da30 00000000000000e4 T __utf8_wctomb
000000000001db40 00000000000000ac T memmove
000000000001dc24 00000000000000e0 T strnlen
000000000001dce0 00000000000000dc T strchr
000000000001ddc0 0000000000000140 T strlen
000000000001df00 00000000000000a4 T stpncpy
000000000001dfdc 00000000000001b8 T strncmp
000000000001e1a0 0000000000000094 T __libc_init_array
000000000001e240 0000000000000044 T __libc_fini_array
000000000001e290 0000000000000014 T __errno
000000000001e2b0 000000000000000c T nan
000000000001e2c0 000000000000000c T nanf
000000000001e2d0 0000000000000078 T frexp
000000000001e350 000000000000018c t _strtoll_l.isra.0
000000000001e4e0 0000000000000044 T _strtoll_r
000000000001e530 00000000000001a8 t _strtoull_l.isra.0
000000000001e6e0 0000000000000044 T _strtoull_r
000000000001e730 0000000000000008 T iswspace
000000000001e740 00000000000000f0 T _mbrtowc_r
000000000001e830 0000000000000094 T __swhatbuf_r
000000000001e8d0 0000000000000104 T __smakebuf_r
000000000001e9e0 00000000000000d8 T _wcrtomb_r
000000000001eac0 0000000000000048 T iswspace_l
000000000001eb10 0000000000000010 T _wcsrtombs_r
000000000001eb20 0000000000000180 T _memalign_r
000000000001eca0 00000000000000a8 T sprintf
000000000001ed50 00000000000000d4 T __sccl
000000000001ee30 0000000000000084 T category
000000000001eeb4 0000000000000804 t get_arg
000000000001f6b8 0000000000000038 T __sprint_r
000000000001f6f0 0000000000002984 T _vfiprintf_r
0000000000022074 00000000000000d0 t __sbprintf
0000000000022144 00000000000001bc T __ssprint_r
0000000000022300 00000000000000f0 T _sungetc_r
00000000000223f0 0000000000000070 T __ssrefill_r
0000000000022460 00000000000000e0 T _sfread_r
0000000000022540 000000000000012c T __swsetup_r
0000000000022670 0000000000000118 t rshift
0000000000022790 0000000000000814 T __gethex
0000000000022fb0 00000000000001a4 t quorem
0000000000023160 0000000000001198 T _dtoa_r
0000000000024300 0000000000000138 T _fclose_r
0000000000024438 0000000000000804 t get_arg
0000000000024c3c 0000000000003bac T _svfprintf_r
00000000000287f0 0000000000000048 T __match
0000000000028840 0000000000000258 T __hexnan
0000000000028aa0 000000000000008c T _Balloc
0000000000028b30 000000000000001c T _Bfree
0000000000028b50 0000000000000108 T __multadd
0000000000028c60 0000000000000130 T __s2b
0000000000028d90 0000000000000080 T __hi0bits
0000000000028e10 000000000000009c T __lo0bits
0000000000028eb0 000000000000004c T __i2b
0000000000028f00 00000000000001e4 T __multiply
00000000000290f0 0000000000000100 T __pow5mult
00000000000291f0 0000000000000170 T __lshift
0000000000029360 0000000000000050 T __mcmp
00000000000293b0 00000000000001cc T __mdiff
0000000000029580 0000000000000084 T __ulp
0000000000029610 0000000000000168 T __b2d
0000000000029780 000000000000015c T __d2b
00000000000298e0 00000000000000ac T __ratio
0000000000029990 0000000000000068 T __copybits
0000000000029a00 000000000000006c T __any_on
0000000000029a70 00000000000002b8 T __utf8_mbtowc
0000000000029d30 00000000000001ac T _wcsnrtombs_l
0000000000029ee0 0000000000000074 T _wcsnrtombs_r
0000000000029f60 00000000000000b8 T __submore
000000000002a020 00000000000000c0 T _calloc_r
000000000002a0e0 0000000000000064 T __assert_func
000000000002a150 0000000000000084 T fiprintf
000000000002a1e0 0000000000000018 T abort
000000000002a200 00000000000000a4 T _raise_r
000000000002a2b0 0000000000000024 T raise
000000000002a2e0 0000000000000020 T _exit
000000000002a300 0000000000000170 T chdir
000000000002a470 000000000000021c T _concatenate_path
000000000002a690 0000000000000084 T _fstat_r
000000000002a720 0000000000000014 T _getpid_r
000000000002a740 0000000000000020 T __getreent
000000000002a760 0000000000000050 T __get_handle
000000000002a7b0 00000000000000f0 T _close_r
000000000002a8a0 0000000000000008 t null_write
000000000002a8b0 0000000000000018 T setDefaultDevice
000000000002a8d0 0000000000000114 T FindDevice
000000000002a9f0 0000000000000034 T RemoveDevice
000000000002aa30 00000000000000c8 T AddDevice
000000000002ab00 0000000000000034 T GetDeviceOpTab
000000000002ab40 0000000000000008 T _isatty_r
000000000002ab50 0000000000000014 T _kill_r
000000000002ab70 0000000000000098 T _lseek_r
000000000002ac10 00000000000000a4 T _read_r
000000000002acc0 0000000000000078 W _sbrk_r
000000000002ad40 0000000000000014 T __libc_lock_acquire
000000000002ad60 0000000000000014 T __libc_lock_release
000000000002ad80 0000000000000014 T __libc_lock_acquire_recursive
000000000002ada0 0000000000000014 T __libc_lock_release_recursive
000000000002adc0 00000000000000a4 T _write_r
000000000002ae70 0000000000000158 t __extenddftf2
000000000002afd0 00000000000003c4 t __trunctfdf2
000000000002b3a0 0000000000000070 t __sfp_handle_exceptions
000000000002b410 0000000000000100 T strrchr
000000000002b510 T _init
000000000002b548 T _fini
000000000002e9c0 0000000000000014 r CSWTCH.529
000000000002eac0 0000000000000018 r grayScale
000000000002ead8 0000000000000006 r colorCube
000000000002eae0 0000000000000030 r colorTable
000000000002eb10 R default_font_bin
0000000000030b10 R default_font_bin_end
0000000000030b10 0000000000000038 r g_nvColorFmtTable
0000000000030b50 0000000000000020 r error_table
0000000000030b80 0000000000000023 r g_bq_InterfaceDescriptor
0000000000030bf0 0000000000000101 R _ctype_
0000000000030e40 0000000000000022 r basefix.0
0000000000030f80 0000000000000010 r zeroes.0
0000000000030f90 0000000000000010 r blanks.1
0000000000030fa0 0000000000000014 r fpinan.0
0000000000030fb8 0000000000000014 r fpi.1
0000000000030fd0 0000000000000028 r tinytens
0000000000031028 0000000000003528 r categories
0000000000034650 0000000000000010 r zeroes.0
0000000000034660 0000000000000010 r blanks.1
0000000000034670 000000000000006c R __action_table
00000000000346e0 000000000000006c R __state_table
0000000000034750 0000000000000100 R __chclass
0000000000034850 0000000000000100 R __hexdig
0000000000034a50 0000000000000010 r zeroes.0
0000000000034a60 0000000000000010 r blanks.1
0000000000034a70 000000000000000c r p05.0
0000000000034a80 0000000000000028 R __mprec_bigtens
0000000000034aa8 00000000000000c8 R __mprec_tens
0000000000034b70 r __tls_align
0000000000034b78 r __EH_FRAME_BEGIN__
0000000000034b78 r __eh_frame_hdr_end
0000000000034b78 r __eh_frame_hdr_start
000000000003a5e4 r __FRAME_END__
000000000003b000 d __frame_dummy_init_array_entry
000000000003b000 d __init_array_start
000000000003b000 d __preinit_array_end
000000000003b000 d __preinit_array_start
000000000003b000 d __relro_start
000000000003b008 d __do_global_dtors_aux_fini_array_entry
000000000003b008 d __fini_array_start
000000000003b008 d __init_array_end
000000000003b010 d __fini_array_end
000000000003b010 0000000000000100 d dotab_stdout
000000000003b110 0000000000000100 d fsdev_devoptab
000000000003b210 0000000000000100 D dotab_stdnull
000000000003b310 a _DYNAMIC
000000000003b430 a _GLOBAL_OFFSET_TABLE_
000000000003b430 d __got_start__
000000000003b6c8 d __got_end__
000000000003c000 d __data_start
000000000003c000 000000000000037b D conNames
000000000003c380 0000000000000008 V __nx_applet_init_timeout
000000000003c388 0000000000000001 V __nx_applet_auto_notifyrunning
000000000003c38c 0000000000000004 V __nx_applet_type
000000000003c390 0000000000000008 d currentConsole
000000000003c398 0000000000000050 d defaultConsole
000000000003c3e8 0000000000000088 d s_consoleSwRenderer
000000000003c470 0000000000000008 V __nx_exception_stack_size
000000000003c478 0000000000000001 V __nx_fsdev_support_cwd
000000000003c47c 0000000000000004 V __nx_fsdev_direntry_cache_size
000000000003c480 0000000000000004 d g_viServiceType
000000000003c484 0000000000000004 V __nx_vi_stray_layer_flags
000000000003c488 0000000000000004 V __nx_fs_num_sessions
000000000003c48c 0000000000000004 V __nx_nv_transfermem_size
000000000003c490 0000000000000004 d g_ctrl_fd
000000000003c494 0000000000000004 d g_nvmap_fd
000000000003c498 0000000000000008 D environ
000000000003c4a0 0000000000000008 D __malloc_sbrk_base
000000000003c4a8 0000000000000008 D __malloc_trim_threshold
000000000003c4b0 0000000000000810 D __malloc_av_
000000000003ccc0 0000000000000018 D __sglue
000000000003ccd8 00000000000001a8 D __global_locale
000000000003ce80 0000000000000008 D _impure_ptr
000000000003ce88 0000000000000160 D _impure_data
000000000003cff0 0000000000000400 d _current_working_directory
000000000003d3f0 0000000000002000 d handles
000000000003f3f0 0000000000000010 d __stderr_handle
000000000003f400 0000000000000010 d __stdout_handle
000000000003f410 0000000000000010 d __stdin_handle
000000000003f420 0000000000000118 D devoptab_list
000000000003f538 0000000000000004 d defaultDevice
000000000003f540 b __bss_start__
000000000003f540 d __tdata_lma
000000000003f540 d __tdata_lma_end
000000000003f540 b completed.1
000000000003f548 b object.0
000000000003f578 0000000000000008 b g_appletGuard
000000000003f580 0000000000000001 b g_appletInfoInitialized
000000000003f588 0000000000000050 b g_appletInfo
000000000003f5d8 0000000000000004 b g_appletCpuBoostMode
000000000003f5e0 000000000000000c b g_appletLibraryAppletLaunchableEvent
000000000003f5ec 0000000000000001 b g_appletSuspendedTickInitialized
000000000003f5f0 0000000000000008 b g_appletSuspendedTick
000000000003f5f8 0000000000000008 b g_appletInitTickBase
000000000003f600 000000000000000c b g_appletSuspendedTickEvent
000000000003f60c 0000000000000001 b g_appletCopyrightInitialized
000000000003f610 0000000000000028 b g_appletCopyrightTmem
000000000003f638 0000000000000004 b g_appletRecordingInitialized
000000000003f640 0000000000000028 b g_appletRecordingTmem
000000000003f668 0000000000000018 b g_appletFirstHook
000000000003f680 0000000000000001 b g_appletNotifiedRunning
000000000003f681 0000000000000001 b g_appletFocusState
000000000003f684 0000000000000004 b g_appletPerformanceMode
000000000003f688 0000000000000001 b g_appletOperationMode
000000000003f690 0000000000000008 b g_appletResourceUserId
000000000003f698 000000000000000c b g_appletMessageEvent
000000000003f6a8 0000000000000010 b g_appletIDebugFunctions
000000000003f6b8 0000000000000010 b g_appletIDisplayController
000000000003f6c8 0000000000000010 b g_appletIAudioController
000000000003f6d8 0000000000000010 b g_appletIWindowController
000000000003f6e8 0000000000000010 b g_appletISelfController
000000000003f6f8 0000000000000010 b g_appletICommonStateGetter
000000000003f708 0000000000000010 b g_appletILibraryAppletCreator
000000000003f718 0000000000000010 b g_appletIProcessWindingController
000000000003f728 0000000000000010 b g_appletILibraryAppletSelfAccessor
000000000003f738 0000000000000010 b g_appletIApplicationCreator
000000000003f748 0000000000000010 b g_appletIGlobalStateController
000000000003f758 0000000000000010 b g_appletIFunctions
000000000003f768 0000000000000010 b g_appletIAppletCommonFunctions
000000000003f778 0000000000000004 b g_appletExitProcessResult
000000000003f77c 0000000000000001 b g_appletExitProcessFlag
000000000003f77d 0000000000000001 b g_appletLeftInitialized
000000000003f780 0000000000000010 b g_appletProxySession
000000000003f790 0000000000000010 b g_appletSrv
000000000003f7a0 0000000000000004 V __nx_applet_exit_mode
000000000003f7a8 0000000000000008 V __nx_applet_PerformanceConfiguration
000000000003f7b0 0000000000000080 V __nx_applet_AppletAttribute
000000000003f830 0000000000000004 b g_hosVersion
000000000003f838 0000000000000008 b g_userIdStorage
000000000003f840 0000000000000010 b g_randomSeed
000000000003f850 0000000000000001 b g_hasRandomSeed
000000000003f854 0000000000000004 b g_lastLoadResult
000000000003f858 0000000000000008 b g_nextLoadArgv
000000000003f860 0000000000000008 b g_nextLoadPath
000000000003f868 0000000000000004 b g_processHandle
000000000003f870 0000000000000018 b g_syscallHints
000000000003f888 0000000000000008 b g_overrideArgv
000000000003f890 0000000000000008 b g_overrideHeapSize
000000000003f898 0000000000000008 b g_overrideHeapAddr
000000000003f8a0 0000000000000008 b g_loaderRetAddr
000000000003f8a8 0000000000000004 b g_mainThreadHandle
000000000003f8b0 0000000000000008 b g_loaderInfoSize
000000000003f8b8 0000000000000008 b g_loaderInfo
000000000003f8c0 0000000000000001 b g_isNso
000000000003f8c1 0000000000000001 b didFirstConsoleInit.0
000000000003f8c8 0000000000000050 b currentCopy
000000000003f918 B __stack_top
000000000003f920 0000000000000001 b g_IsLegacyKernel
000000000003f928 0000000000000008 b g_Reservations
000000000003f930 0000000000000010 b g_StackRegion
000000000003f940 0000000000000010 b g_AslrRegion
000000000003f950 0000000000000010 b g_HeapRegion
000000000003f960 0000000000000010 b g_AliasRegion
000000000003f970 0000000000000004 b g_VirtmemMutex
000000000003f974 0000000000000004 b g_randMutex
000000000003f978 0000000000000001 b g_randInit
000000000003f980 0000000000000040 b g_chacha
000000000003f9c0 0000000000000008 b g_apmGuard
000000000003f9c8 0000000000000010 b g_apmISession
000000000003f9d8 0000000000000010 b g_apmSrv
000000000003f9e8 0000000000000008 b g_smGuard
000000000003f9f0 0000000000000008 b g_smOverridesNum
000000000003f9f8 0000000000000180 b g_smOverrides
000000000003fb78 0000000000000010 b g_smSrv
000000000003fb88 0000000000000008 b g_hidGuard
000000000003fb90 0000000000000008 b g_sevenSixAxisSensorBuffer
000000000003fb98 0000000000000020 b g_hidSharedmem
000000000003fbb8 0000000000000010 b g_hidIActiveVibrationDeviceList
000000000003fbc8 0000000000000010 b g_hidIAppletResource
000000000003fbd8 0000000000000010 b g_hidSrv
000000000003fbe8 0000000000000080 b g_defaultWin
000000000003fc68 0000000000000010 b g_viLayer
000000000003fc78 0000000000000050 b g_viDisplay
000000000003fcd0 0000000000000340 B __nx_exceptiondump
0000000000040010 0000000000000004 V __nx_exception_ignoredebug
0000000000040020 0000000000000400 V __nx_exception_stack
0000000000040420 0000000000000008 V __nx_heap_size
0000000000040428 0000000000000008 b __bootticks
0000000000040430 0000000000000008 b __boottime
0000000000040438 0000000000000004 V __nx_time_type
0000000000040440 0000000000000008 b g_argv_empty
0000000000040448 0000000000000008 B __system_argv
0000000000040450 0000000000000004 B __system_argc
0000000000040458 0000000000002800 b fsdev_fsdevices
0000000000042c58 0000000000000004 b fsdev_fsdevice_cwd
0000000000042c5c 0000000000000001 b fsdev_initialised
0000000000042c60 0000000000000038 b g_mainThread
0000000000042c98 0000000000000008 b g_threadList
0000000000042ca0 0000000000000004 b g_threadMutex
0000000000042ca8 0000000000000008 b g_viGuard
0000000000042cb0 0000000000000010 b g_viIHOSBinderDriverIndirect
0000000000042cc0 0000000000000010 b g_viIManagerDisplayService
0000000000042cd0 0000000000000010 b g_viISystemDisplayService
0000000000042ce0 0000000000000010 b g_viIHOSBinderDriverRelay
0000000000042cf0 0000000000000010 b g_viIApplicationDisplayService
0000000000042d00 0000000000000010 b g_viRootService
0000000000042d10 0000000000000008 V __nx_vi_layer_id
0000000000042d18 0000000000000008 b g_setsysGuard
0000000000042d20 0000000000000010 b g_setsysSrv
0000000000042d30 0000000000000008 b g_fsGuard
0000000000042d40 0000000000000054 b g_fsSessionMgr
0000000000042d98 0000000000000010 b g_fsSrv
0000000000042da8 0000000000000008 b g_nvGuard
0000000000042db0 0000000000000028 b g_nvTransfermem
0000000000042dd8 0000000000000010 b g_nvSrvClone
0000000000042de8 0000000000000010 b g_nvSrv
0000000000042df8 0000000000000008 b g_timeGuard
0000000000042e00 0000000000000020 b g_timeSharedmem
0000000000042e20 0000000000000010 b g_timeLocalSystemClock
0000000000042e30 0000000000000010 b g_timeTimeZoneService
0000000000042e40 0000000000000010 b g_timeSteadyClock
0000000000042e50 0000000000000010 b g_timeNetworkSystemClock
0000000000042e60 0000000000000010 b g_timeUserSystemClock
0000000000042e70 0000000000000010 b g_timeSrv
0000000000042e80 0000000000000004 V __nx_time_service_type
0000000000042e88 0000000000000008 b g_nvFenceGuard
0000000000042e90 0000000000000300 b g_NvEvents
0000000000043190 0000000000000008 b g_NvEventUsedMask
0000000000043198 0000000000000008 b g_nvMapGuard
00000000000431a0 0000000000000004 B __nxlink_host
00000000000431a4 0000000000000004 b alloced.0
00000000000431a8 0000000000000008 b initial_env
00000000000431b0 000000000000000c b __env_recursive_mutex
00000000000431c0 0000000000000028 B __malloc_current_mallinfo
00000000000431e8 0000000000000008 B __malloc_max_total_mem
00000000000431f0 0000000000000008 B __malloc_max_sbrked_mem
00000000000431f8 0000000000000008 B __malloc_top_pad
0000000000043200 000000000000000c b __malloc_recursive_mutex
0000000000043210 000000000000000c b __sfp_recursive_mutex
0000000000043220 0000000000000228 B __sf
0000000000043448 0000000000000008 B __stdio_exit_handler
0000000000043450 0000000000000400 b temp_cwd
0000000000043850 0000000000000004 b __hndl_lock
0000000000043858 0000000000000008 B fake_heap_start
0000000000043860 0000000000000008 B fake_heap_end
0000000000043868 0000000000000008 b heap_start.0
0000000000043870 b __tls_start
0000000000043c80 b __bss_end__
0000000000043c80 a __end__
0000000000043c80 b __tls_end
0000000000044000 a __argdata__
